<![LOG[[Initialization] :: *******************************************************************************]LOG]!><time="14:54:50.562-240" date="07-11-2023" component="PSAppDeployToolkit" context="USA\X7JKB0" type="1" thread="23196" file="AppDeployToolkitMain.ps1">
<![LOG[[Initialization] :: *******************************************************************************]LOG]!><time="14:54:50.562-240" date="07-11-2023" component="PSAppDeployToolkit" context="USA\X7JKB0" type="1" thread="23196" file="AppDeployToolkitMain.ps1">
<![LOG[[Initialization] :: [Cap_Reclaimer_1.0_EN_01] setup started.]LOG]!><time="14:54:50.569-240" date="07-11-2023" component="PSAppDeployToolkit" context="USA\X7JKB0" type="1" thread="23196" file="AppDeployToolkitMain.ps1">
<![LOG[[Initialization] :: Script [C:\Temp\Reclaimer\AppDeployToolkit\AppDeployToolkitMain.ps1] dot-source invoked by [C:\Temp\Reclaimer\Deploy-Application.ps1]]LOG]!><time="14:54:50.574-240" date="07-11-2023" component="PSAppDeployToolkit" context="USA\X7JKB0" type="1" thread="23196" file="AppDeployToolkitMain.ps1">
<![LOG[[Initialization] :: Script [C:\Temp\Reclaimer\AppDeployToolkit\AppDeployToolkitExtensions.ps1] dot-source invoked by [C:\Temp\Reclaimer\AppDeployToolkit\AppDeployToolkitMain.ps1]]LOG]!><time="14:54:50.580-240" date="07-11-2023" component="PSAppDeployToolkitExt" context="USA\X7JKB0" type="1" thread="23196" file="AppDeployToolkitExtensions.ps1">
<![LOG[[Initialization] :: [Cap_Reclaimer_1.0_EN_01] script version is [1.0.0]]LOG]!><time="14:54:50.583-240" date="07-11-2023" component="PSAppDeployToolkit" context="USA\X7JKB0" type="1" thread="23196" file="AppDeployToolkitMain.ps1">
<![LOG[[Initialization] :: [Cap_Reclaimer_1.0_EN_01] script date is [7/11/2023]]LOG]!><time="14:54:50.586-240" date="07-11-2023" component="PSAppDeployToolkit" context="USA\X7JKB0" type="1" thread="23196" file="AppDeployToolkitMain.ps1">
<![LOG[[Initialization] :: [Cap_Reclaimer_1.0_EN_01] script author is [Kushal Patel]]LOG]!><time="14:54:50.589-240" date="07-11-2023" component="PSAppDeployToolkit" context="USA\X7JKB0" type="1" thread="23196" file="AppDeployToolkitMain.ps1">
<![LOG[[Initialization] :: [Deploy Application] script version is [3.9.1]]LOG]!><time="14:54:50.593-240" date="07-11-2023" component="PSAppDeployToolkit" context="USA\X7JKB0" type="1" thread="23196" file="AppDeployToolkitMain.ps1">
<![LOG[[Initialization] :: [App Deploy Toolkit Main] script version is [3.8.4]]LOG]!><time="14:54:50.596-240" date="07-11-2023" component="PSAppDeployToolkit" context="USA\X7JKB0" type="1" thread="23196" file="AppDeployToolkitMain.ps1">
<![LOG[[Initialization] :: [App Deploy Toolkit Extensions] version is [3.8.4]]LOG]!><time="14:54:50.599-240" date="07-11-2023" component="PSAppDeployToolkit" context="USA\X7JKB0" type="1" thread="23196" file="AppDeployToolkitMain.ps1">
<![LOG[[Initialization] :: Computer Name is [5CD2399HVB.usa.dce.usps.gov]]LOG]!><time="14:54:50.601-240" date="07-11-2023" component="PSAppDeployToolkit" context="USA\X7JKB0" type="1" thread="23196" file="AppDeployToolkitMain.ps1">
<![LOG[[Initialization] :: Current User is [USA\X7JKB0]]LOG]!><time="14:54:50.606-240" date="07-11-2023" component="PSAppDeployToolkit" context="USA\X7JKB0" type="1" thread="23196" file="AppDeployToolkitMain.ps1">
<![LOG[[Initialization] :: OS Version is [Microsoft Windows 10 Enterprise 64-bit 10.0.19045.3086]]LOG]!><time="14:54:50.612-240" date="07-11-2023" component="PSAppDeployToolkit" context="USA\X7JKB0" type="1" thread="23196" file="AppDeployToolkitMain.ps1">
<![LOG[[Initialization] :: OS Type is [Workstation]]LOG]!><time="14:54:50.615-240" date="07-11-2023" component="PSAppDeployToolkit" context="USA\X7JKB0" type="1" thread="23196" file="AppDeployToolkitMain.ps1">
<![LOG[[Initialization] :: Current Culture is [en-US], language is [EN] and UI language is [EN]]LOG]!><time="14:54:50.621-240" date="07-11-2023" component="PSAppDeployToolkit" context="USA\X7JKB0" type="1" thread="23196" file="AppDeployToolkitMain.ps1">
<![LOG[[Initialization] :: Hardware Platform is [Physical]]LOG]!><time="14:54:50.643-240" date="07-11-2023" component="PSAppDeployToolkit" context="USA\X7JKB0" type="1" thread="23196" file="AppDeployToolkitMain.ps1">
<![LOG[[Initialization] :: PowerShell Host is [Windows PowerShell ISE Host] with version [5.1.19041.3031]]LOG]!><time="14:54:50.646-240" date="07-11-2023" component="PSAppDeployToolkit" context="USA\X7JKB0" type="1" thread="23196" file="AppDeployToolkitMain.ps1">
<![LOG[[Initialization] :: PowerShell Version is [5.1.19041.3031 x86]]LOG]!><time="14:54:50.649-240" date="07-11-2023" component="PSAppDeployToolkit" context="USA\X7JKB0" type="1" thread="23196" file="AppDeployToolkitMain.ps1">
<![LOG[[Initialization] :: PowerShell CLR (.NET) version is [4.0.30319.42000]]LOG]!><time="14:54:50.652-240" date="07-11-2023" component="PSAppDeployToolkit" context="USA\X7JKB0" type="1" thread="23196" file="AppDeployToolkitMain.ps1">
<![LOG[[Initialization] :: *******************************************************************************]LOG]!><time="14:54:50.656-240" date="07-11-2023" component="PSAppDeployToolkit" context="USA\X7JKB0" type="1" thread="23196" file="AppDeployToolkitMain.ps1">
<![LOG[[Initialization] :: Display session information for all logged on users: 


NTAccount           : USA\X7JKB0
SID                 : S-1-5-21-815684394-1082799842-1103567298-4726049
UserName            : X7JKB0
DomainName          : USA
SessionId           : 1
SessionName         : RDP-Tcp#2
ConnectState        : Active
IsCurrentSession    : True
IsConsoleSession    : False
IsActiveUserSession : True
IsUserSession       : True
IsRdpSession        : True
IsLocalAdmin        : True
LogonTime           : 7/10/2023 8:26:15 AM
IdleTime            : 00:00:01.0927460
DisconnectTime      : 7/11/2023 8:57:22 AM
ClientName          : VWEGNTW02C03194
ClientProtocolType  : RDP
ClientDirectory     : C:\WINDOWS\system32\mstscax.dll
ClientBuildNumber   : 19041



]LOG]!><time="14:54:50.692-240" date="07-11-2023" component="PSAppDeployToolkit" context="USA\X7JKB0" type="1" thread="23196" file="AppDeployToolkitMain.ps1">
<![LOG[[Initialization] :: The following users are logged on to the system: [USA\X7JKB0].]LOG]!><time="14:54:50.697-240" date="07-11-2023" component="PSAppDeployToolkit" context="USA\X7JKB0" type="1" thread="23196" file="AppDeployToolkitMain.ps1">
<![LOG[[Initialization] :: Current process is running with user account [USA\X7JKB0] under logged in user session for [USA\X7JKB0].]LOG]!><time="14:54:50.699-240" date="07-11-2023" component="PSAppDeployToolkit" context="USA\X7JKB0" type="1" thread="23196" file="AppDeployToolkitMain.ps1">
<![LOG[[Initialization] :: There is no console user logged in (user with control of physical monitor, keyboard, and mouse).]LOG]!><time="14:54:50.702-240" date="07-11-2023" component="PSAppDeployToolkit" context="USA\X7JKB0" type="1" thread="23196" file="AppDeployToolkitMain.ps1">
<![LOG[[Initialization] :: The active logged on user is [USA\X7JKB0].]LOG]!><time="14:54:50.707-240" date="07-11-2023" component="PSAppDeployToolkit" context="USA\X7JKB0" type="1" thread="23196" file="AppDeployToolkitMain.ps1">
<![LOG[[Initialization] :: The active logged on user [USA\X7JKB0] has a primary UI language of [EN].]LOG]!><time="14:54:50.711-240" date="07-11-2023" component="PSAppDeployToolkit" context="USA\X7JKB0" type="1" thread="23196" file="AppDeployToolkitMain.ps1">
<![LOG[[Initialization] :: The following UI messages were imported from the config XML file: [UI_Messages_EN].]LOG]!><time="14:54:50.713-240" date="07-11-2023" component="PSAppDeployToolkit" context="USA\X7JKB0" type="1" thread="23196" file="AppDeployToolkitMain.ps1">
<![LOG[[Initialization] :: The active logged on user [USA\X7JKB0] has a DPI scale factor of [150] with DPI pixels [144].]LOG]!><time="14:54:50.716-240" date="07-11-2023" component="PSAppDeployToolkit" context="USA\X7JKB0" type="1" thread="23196" file="AppDeployToolkitMain.ps1">
<![LOG[[Initialization] :: Unable to load COM Object [Microsoft.SMS.TSEnvironment]. Therefore, script is not currently running from a SCCM Task Sequence.]LOG]!><time="14:54:50.721-240" date="07-11-2023" component="PSAppDeployToolkit" context="USA\X7JKB0" type="1" thread="23196" file="AppDeployToolkitMain.ps1">
<![LOG[[Initialization] :: Skipping attempt to check for and make the task scheduler services healthy, because the App Deployment Toolkit is not running under the [NT AUTHORITY\SYSTEM] account.]LOG]!><time="14:54:50.724-240" date="07-11-2023" component="PSAppDeployToolkit" context="USA\X7JKB0" type="1" thread="23196" file="AppDeployToolkitMain.ps1">
<![LOG[[Initialization] :: Session 0 not detected.]LOG]!><time="14:54:50.727-240" date="07-11-2023" component="PSAppDeployToolkit" context="USA\X7JKB0" type="1" thread="23196" file="AppDeployToolkitMain.ps1">
<![LOG[[Initialization] :: Installation is running in [Interactive] mode.]LOG]!><time="14:54:50.730-240" date="07-11-2023" component="PSAppDeployToolkit" context="USA\X7JKB0" type="1" thread="23196" file="AppDeployToolkitMain.ps1">
<![LOG[[Initialization] :: Deployment type is [Installation].]LOG]!><time="14:54:50.732-240" date="07-11-2023" component="PSAppDeployToolkit" context="USA\X7JKB0" type="1" thread="23196" file="AppDeployToolkitMain.ps1">
<![LOG[[Initialization] :: App (from csv) - Notepad++ (64-bit x64) installed, proceding further step]LOG]!><time="14:54:51.130-240" date="07-11-2023" component="Deploy-Application" context="USA\X7JKB0" type="1" thread="23196" file="Deploy-Application.ps1">
<![LOG[[Initialization] :: The installation progress dialog does not exist. Waiting up to 5 seconds...]LOG]!><time="14:54:51.151-240" date="07-11-2023" component="Close-InstallationProgress" context="USA\X7JKB0" type="1" thread="23196" file="Deploy-Application.ps1">
<![LOG[[Initialization] :: The installation progress dialog was not created within 5 seconds.]LOG]!><time="14:54:56.218-240" date="07-11-2023" component="Close-InstallationProgress" context="USA\X7JKB0" type="2" thread="23196" file="Deploy-Application.ps1">
<![LOG[[Initialization] :: Displaying custom installation prompt with the non-default parameters: [-Title "Vuln Application Found" -Message "We found following apps Notepad++ (64-bit x64),Master Packager,MyApps,Workspace Desktop Edition TACS on your workstations that are not permissible to the environment. If you would like to uninstall these apps now, press Uninstall. If you would like to uninstall it at a later date click Snooze and you will be reminded in one week from this notification. If you want to fill out the eApl request, press EAPL." -ButtonMiddleText "Snooze" -ButtonRightText "eAPL" -MessageAlignment "Center" -Icon "Warning" -ButtonLeftText "Uninstall"].]LOG]!><time="14:54:56.226-240" date="07-11-2023" component="Show-InstallationPrompt" context="USA\X7JKB0" type="1" thread="23196" file="Deploy-Application.ps1">
<![LOG[[Initialization] :: User pressed uninstall - we're going to remove Notepad++ (64-bit x64) Master Packager MyApps Workspace Desktop Edition TACS]LOG]!><time="14:54:58.934-240" date="07-11-2023" component="Deploy-Application" context="USA\X7JKB0" type="1" thread="23196" file="Deploy-Application.ps1">
<![LOG[[Initialization] :: Processing software - ]LOG]!><time="14:54:58.946-240" date="07-11-2023" component="Deploy-Application" context="USA\X7JKB0" type="1" thread="23196" file="Deploy-Application.ps1">
<![LOG[[Initialization] ::  - not able to get both Uninstall and Quiet Uninstall string]LOG]!><time="14:54:58.952-240" date="07-11-2023" component="Deploy-Application" context="USA\X7JKB0" type="1" thread="23196" file="Deploy-Application.ps1">
<![LOG[[Initialization] :: ---------------------------------------------------------------------]LOG]!><time="14:54:58.959-240" date="07-11-2023" component="Deploy-Application" context="USA\X7JKB0" type="1" thread="23196" file="Deploy-Application.ps1">
<![LOG[[Initialization] :: App (from csv) - Master Packager installed, proceding further step]LOG]!><time="14:54:58.968-240" date="07-11-2023" component="Deploy-Application" context="USA\X7JKB0" type="1" thread="23196" file="Deploy-Application.ps1">
<![LOG[[Initialization] :: The installation progress dialog does not exist. Waiting up to 5 seconds...]LOG]!><time="14:54:58.987-240" date="07-11-2023" component="Close-InstallationProgress" context="USA\X7JKB0" type="1" thread="23196" file="Deploy-Application.ps1">
<![LOG[[Initialization] :: The installation progress dialog was not created within 5 seconds.]LOG]!><time="14:55:04.014-240" date="07-11-2023" component="Close-InstallationProgress" context="USA\X7JKB0" type="2" thread="23196" file="Deploy-Application.ps1">
<![LOG[[Initialization] :: Displaying custom installation prompt with the non-default parameters: [-Title "Vuln Application Found" -Message "We found following apps Notepad++ (64-bit x64),Master Packager,MyApps,Workspace Desktop Edition TACS on your workstations that are not permissible to the environment. If you would like to uninstall these apps now, press Uninstall. If you would like to uninstall it at a later date click Snooze and you will be reminded in one week from this notification. If you want to fill out the eApl request, press EAPL." -ButtonMiddleText "Snooze" -ButtonRightText "eAPL" -MessageAlignment "Center" -Icon "Warning" -ButtonLeftText "Uninstall"].]LOG]!><time="14:55:04.020-240" date="07-11-2023" component="Show-InstallationPrompt" context="USA\X7JKB0" type="1" thread="23196" file="Deploy-Application.ps1">
<![LOG[[Initialization] :: User pressed uninstall - we're going to remove Notepad++ (64-bit x64) Master Packager MyApps Workspace Desktop Edition TACS]LOG]!><time="14:55:10.232-240" date="07-11-2023" component="Deploy-Application" context="USA\X7JKB0" type="1" thread="23196" file="Deploy-Application.ps1">
<![LOG[[Initialization] :: Processing software - Master Packager Master Packager]LOG]!><time="14:55:10.239-240" date="07-11-2023" component="Deploy-Application" context="USA\X7JKB0" type="1" thread="23196" file="Deploy-Application.ps1">
<![LOG[[Initialization] :: Calling EXE remover function (path from UninstallString) -  ]LOG]!><time="14:55:10.244-240" date="07-11-2023" component="Deploy-Application" context="USA\X7JKB0" type="1" thread="23196" file="Deploy-Application.ps1">
<![LOG[[Initialization] :: Master Packager Master Packager - Uninstalling...]LOG]!><time="14:55:10.249-240" date="07-11-2023" component="Uninstall-EXE" context="USA\X7JKB0" type="1" thread="23196" file="Deploy-Application.ps1">
<![LOG[[Initialization] :: System.IndexOutOfRangeException: Index was outside the bounds of the array.
   at System.Management.Automation.CommandSearcher.DoPowerShellRelativePathLookup()
   at System.Management.Automation.CommandSearcher.ProcessPathSearchState()
   at System.Management.Automation.CommandSearcher.MoveNext()
   at System.Management.Automation.CommandDiscovery.TryNormalSearch(String commandName, ExecutionContext context, CommandOrigin commandOrigin, SearchResolutionOptions searchResolutionOptions, CommandTypes commandTypes, Exception& lastError)
   at System.Management.Automation.CommandDiscovery.LookupCommandInfo(String commandName, CommandTypes commandTypes, SearchResolutionOptions searchResolutionOptions, CommandOrigin commandOrigin, ExecutionContext context)
   at Microsoft.PowerShell.Commands.StartProcessCommand.BeginProcessing()
   at System.Management.Automation.Cmdlet.DoBeginProcessing()
   at System.Management.Automation.CommandProcessorBase.DoBegin()]LOG]!><time="14:55:10.254-240" date="07-11-2023" component="Uninstall-EXE" context="USA\X7JKB0" type="1" thread="23196" file="Deploy-Application.ps1">
<![LOG[[Initialization] :: Master Packager Master Packager - MsiExec.exe /X{00501B94-F092-47E1-8DA8-92A325495B10} MsiExec.exe /X{00501B94-F092-47E1-8DA8-92A325495B10} -  Uninstallation failed, please check manually]LOG]!><time="14:55:10.265-240" date="07-11-2023" component="Uninstall-EXE" context="USA\X7JKB0" type="1" thread="23196" file="Deploy-Application.ps1">
<![LOG[[Initialization] :: Calling MSI Package remover function (path QuietUninstallString) - MsiExec.exe /X{00501B94-F092-47E1-8DA8-92A325495B10} MsiExec.exe /X{00501B94-F092-47E1-8DA8-92A325495B10}]LOG]!><time="14:55:10.270-240" date="07-11-2023" component="Deploy-Application" context="USA\X7JKB0" type="1" thread="23196" file="Deploy-Application.ps1">
<![LOG[[Initialization] :: Master Packager Master Packager - Uninstalling...]LOG]!><time="14:55:10.275-240" date="07-11-2023" component="Uninstall-MSIpackage" context="USA\X7JKB0" type="1" thread="23196" file="Deploy-Application.ps1">
<![LOG[[Initialization] :: ---------------------------------------------------------------------]LOG]!><time="14:55:12.310-240" date="07-11-2023" component="Deploy-Application" context="USA\X7JKB0" type="1" thread="23196" file="Deploy-Application.ps1">
<![LOG[[Initialization] :: App (from csv) - MyApps installed, proceding further step]LOG]!><time="14:55:12.323-240" date="07-11-2023" component="Deploy-Application" context="USA\X7JKB0" type="1" thread="23196" file="Deploy-Application.ps1">
<![LOG[[Initialization] :: The installation progress dialog does not exist. Waiting up to 5 seconds...]LOG]!><time="14:55:12.354-240" date="07-11-2023" component="Close-InstallationProgress" context="USA\X7JKB0" type="1" thread="23196" file="Deploy-Application.ps1">
<![LOG[[Initialization] :: The installation progress dialog was not created within 5 seconds.]LOG]!><time="14:55:17.399-240" date="07-11-2023" component="Close-InstallationProgress" context="USA\X7JKB0" type="2" thread="23196" file="Deploy-Application.ps1">
<![LOG[[Initialization] :: Displaying custom installation prompt with the non-default parameters: [-Title "Vuln Application Found" -Message "We found following apps Notepad++ (64-bit x64),Master Packager,MyApps,Workspace Desktop Edition TACS on your workstations that are not permissible to the environment. If you would like to uninstall these apps now, press Uninstall. If you would like to uninstall it at a later date click Snooze and you will be reminded in one week from this notification. If you want to fill out the eApl request, press EAPL." -ButtonMiddleText "Snooze" -ButtonRightText "eAPL" -MessageAlignment "Center" -Icon "Warning" -ButtonLeftText "Uninstall"].]LOG]!><time="14:55:17.413-240" date="07-11-2023" component="Show-InstallationPrompt" context="USA\X7JKB0" type="1" thread="23196" file="Deploy-Application.ps1">
<![LOG[[Initialization] :: User pressed uninstall - we're going to remove Notepad++ (64-bit x64) Master Packager MyApps Workspace Desktop Edition TACS]LOG]!><time="14:55:18.935-240" date="07-11-2023" component="Deploy-Application" context="USA\X7JKB0" type="1" thread="23196" file="Deploy-Application.ps1">
<![LOG[[Initialization] :: Processing software - ]LOG]!><time="14:55:18.949-240" date="07-11-2023" component="Deploy-Application" context="USA\X7JKB0" type="1" thread="23196" file="Deploy-Application.ps1">
<![LOG[[Initialization] ::  - not able to get both Uninstall and Quiet Uninstall string]LOG]!><time="14:55:18.955-240" date="07-11-2023" component="Deploy-Application" context="USA\X7JKB0" type="1" thread="23196" file="Deploy-Application.ps1">
<![LOG[[Initialization] :: ---------------------------------------------------------------------]LOG]!><time="14:55:18.959-240" date="07-11-2023" component="Deploy-Application" context="USA\X7JKB0" type="1" thread="23196" file="Deploy-Application.ps1">
<![LOG[[Initialization] :: App (from csv) - Workspace Desktop Edition TACS installed, proceding further step]LOG]!><time="14:55:18.965-240" date="07-11-2023" component="Deploy-Application" context="USA\X7JKB0" type="1" thread="23196" file="Deploy-Application.ps1">
<![LOG[[Initialization] :: The installation progress dialog does not exist. Waiting up to 5 seconds...]LOG]!><time="14:55:18.982-240" date="07-11-2023" component="Close-InstallationProgress" context="USA\X7JKB0" type="1" thread="23196" file="Deploy-Application.ps1">
<![LOG[[Initialization] :: The installation progress dialog was not created within 5 seconds.]LOG]!><time="14:55:24.035-240" date="07-11-2023" component="Close-InstallationProgress" context="USA\X7JKB0" type="2" thread="23196" file="Deploy-Application.ps1">
<![LOG[[Initialization] :: Displaying custom installation prompt with the non-default parameters: [-Title "Vuln Application Found" -Message "We found following apps Notepad++ (64-bit x64),Master Packager,MyApps,Workspace Desktop Edition TACS on your workstations that are not permissible to the environment. If you would like to uninstall these apps now, press Uninstall. If you would like to uninstall it at a later date click Snooze and you will be reminded in one week from this notification. If you want to fill out the eApl request, press EAPL." -ButtonMiddleText "Snooze" -ButtonRightText "eAPL" -MessageAlignment "Center" -Icon "Warning" -ButtonLeftText "Uninstall"].]LOG]!><time="14:55:24.045-240" date="07-11-2023" component="Show-InstallationPrompt" context="USA\X7JKB0" type="1" thread="23196" file="Deploy-Application.ps1">
<![LOG[[Initialization] :: User pressed uninstall - we're going to remove Notepad++ (64-bit x64) Master Packager MyApps Workspace Desktop Edition TACS]LOG]!><time="14:55:25.435-240" date="07-11-2023" component="Deploy-Application" context="USA\X7JKB0" type="1" thread="23196" file="Deploy-Application.ps1">
<![LOG[[Initialization] :: Processing software - Workspace Desktop Edition TACS Workspace Desktop Edition TACS]LOG]!><time="14:55:25.442-240" date="07-11-2023" component="Deploy-Application" context="USA\X7JKB0" type="1" thread="23196" file="Deploy-Application.ps1">
<![LOG[[Initialization] :: Calling EXE remover function (path from UninstallString) -  ]LOG]!><time="14:55:25.446-240" date="07-11-2023" component="Deploy-Application" context="USA\X7JKB0" type="1" thread="23196" file="Deploy-Application.ps1">
<![LOG[[Initialization] :: Workspace Desktop Edition TACS Workspace Desktop Edition TACS - Uninstalling...]LOG]!><time="14:55:25.449-240" date="07-11-2023" component="Uninstall-EXE" context="USA\X7JKB0" type="1" thread="23196" file="Deploy-Application.ps1">
<![LOG[[Initialization] :: System.IndexOutOfRangeException: Index was outside the bounds of the array.
   at System.Management.Automation.CommandSearcher.DoPowerShellRelativePathLookup()
   at System.Management.Automation.CommandSearcher.ProcessPathSearchState()
   at System.Management.Automation.CommandSearcher.MoveNext()
   at System.Management.Automation.CommandDiscovery.TryNormalSearch(String commandName, ExecutionContext context, CommandOrigin commandOrigin, SearchResolutionOptions searchResolutionOptions, CommandTypes commandTypes, Exception& lastError)
   at System.Management.Automation.CommandDiscovery.LookupCommandInfo(String commandName, CommandTypes commandTypes, SearchResolutionOptions searchResolutionOptions, CommandOrigin commandOrigin, ExecutionContext context)
   at Microsoft.PowerShell.Commands.StartProcessCommand.BeginProcessing()
   at System.Management.Automation.Cmdlet.DoBeginProcessing()
   at System.Management.Automation.CommandProcessorBase.DoBegin()]LOG]!><time="14:55:25.456-240" date="07-11-2023" component="Uninstall-EXE" context="USA\X7JKB0" type="1" thread="23196" file="Deploy-Application.ps1">
<![LOG[[Initialization] :: Workspace Desktop Edition TACS Workspace Desktop Edition TACS - MsiExec.exe /I{B22CD27B-69A6-4D2B-B556-184D9A960E66} MsiExec.exe /I{B22CD27B-69A6-4D2B-B556-184D9A960E66} -  Uninstallation failed, please check manually]LOG]!><time="14:55:25.460-240" date="07-11-2023" component="Uninstall-EXE" context="USA\X7JKB0" type="1" thread="23196" file="Deploy-Application.ps1">
<![LOG[[Initialization] :: Calling MSI Package remover function (path QuietUninstallString) - MsiExec.exe /I{B22CD27B-69A6-4D2B-B556-184D9A960E66} MsiExec.exe /I{B22CD27B-69A6-4D2B-B556-184D9A960E66}]LOG]!><time="14:55:25.473-240" date="07-11-2023" component="Deploy-Application" context="USA\X7JKB0" type="1" thread="23196" file="Deploy-Application.ps1">
<![LOG[[Initialization] :: Workspace Desktop Edition TACS Workspace Desktop Edition TACS - Uninstalling...]LOG]!><time="14:55:25.477-240" date="07-11-2023" component="Uninstall-MSIpackage" context="USA\X7JKB0" type="1" thread="23196" file="Deploy-Application.ps1">
<![LOG[[Initialization] :: ---------------------------------------------------------------------]LOG]!><time="14:55:27.518-240" date="07-11-2023" component="Deploy-Application" context="USA\X7JKB0" type="1" thread="23196" file="Deploy-Application.ps1">
<![LOG[[Initialization] :: The installation progress dialog does not exist. Waiting up to 5 seconds...]LOG]!><time="14:55:27.532-240" date="07-11-2023" component="Close-InstallationProgress" context="USA\X7JKB0" type="1" thread="23196" file="Deploy-Application.ps1">
<![LOG[[Initialization] :: The installation progress dialog was not created within 5 seconds.]LOG]!><time="14:55:32.594-240" date="07-11-2023" component="Close-InstallationProgress" context="USA\X7JKB0" type="2" thread="23196" file="Deploy-Application.ps1">
<![LOG[[Initialization] :: Cap_Reclaimer_1.0_EN_01 Installation completed with exit code [0].]LOG]!><time="14:55:32.618-240" date="07-11-2023" component="Exit-Script" context="USA\X7JKB0" type="1" thread="23196" file="Deploy-Application.ps1">
<![LOG[[Initialization] :: Check if PowerPoint is in either fullscreen slideshow mode or presentation mode...]LOG]!><time="14:55:32.637-240" date="07-11-2023" component="Test-PowerPoint" context="USA\X7JKB0" type="1" thread="23196" file="Deploy-Application.ps1">
<![LOG[[Initialization] :: PowerPoint application is not running.]LOG]!><time="14:55:32.649-240" date="07-11-2023" component="Test-PowerPoint" context="USA\X7JKB0" type="1" thread="23196" file="Deploy-Application.ps1">
<![LOG[[Initialization] :: PowerPoint is running in fullscreen mode [False].]LOG]!><time="14:55:32.653-240" date="07-11-2023" component="Test-PowerPoint" context="USA\X7JKB0" type="1" thread="23196" file="Deploy-Application.ps1">
<![LOG[[Initialization] :: Display balloon tip notification asynchronously with message [Installation complete.].]LOG]!><time="14:55:32.657-240" date="07-11-2023" component="Show-BalloonTip" context="USA\X7JKB0" type="1" thread="23196" file="Deploy-Application.ps1">
<![LOG[[Initialization] :: [C:\Windows\SysWOW64\WindowsPowerShell\v1.0\powershell.exe] is a valid fully qualified path, continue.]LOG]!><time="14:55:32.663-240" date="07-11-2023" component="Execute-Process" context="USA\X7JKB0" type="1" thread="23196" file="Deploy-Application.ps1">
<![LOG[[Initialization] :: Working Directory is [C:\Windows\SysWOW64\WindowsPowerShell\v1.0].]LOG]!><time="14:55:32.667-240" date="07-11-2023" component="Execute-Process" context="USA\X7JKB0" type="1" thread="23196" file="Deploy-Application.ps1">
<![LOG[[Initialization] :: Executing [C:\Windows\SysWOW64\WindowsPowerShell\v1.0\powershell.exe [PowerShell ScriptBlock]]...]LOG]!><time="14:55:32.670-240" date="07-11-2023" component="Execute-Process" context="USA\X7JKB0" type="1" thread="23196" file="Deploy-Application.ps1">
<![LOG[[Initialization] :: NoWait parameter specified. Continuing without waiting for exit code...]LOG]!><time="14:55:32.683-240" date="07-11-2023" component="Execute-Process" context="USA\X7JKB0" type="1" thread="23196" file="Deploy-Application.ps1">
<![LOG[[Initialization] :: -------------------------------------------------------------------------------]LOG]!><time="14:55:32.700-240" date="07-11-2023" component="Exit-Script" context="USA\X7JKB0" type="1" thread="23196" file="Deploy-Application.ps1">
